<?xml version="1.0" encoding="UTF-8"?>
<!-- Generated by org.testng.reporters.JUnitReportReporter -->
<testsuite hostname="DESKTOP-81QTSJV" failures="0" tests="1" name="com.components.test.AllatAPlaceTest" time="9.813" errors="0" timestamp="2022-10-20T16:53:12 IST" skipped="0">
  <testcase classname="com.components.test.AllatAPlaceTest" name="test" time="9.813"/>
  <system-out/>
</testsuite> <!-- com.components.test.AllatAPlaceTest -->
