<?xml version="1.0" encoding="UTF-8"?>
<!-- Generated by org.testng.reporters.JUnitReportReporter -->
<testsuite hostname="DESKTOP-81QTSJV" failures="0" tests="2" name="com.components.test.AllatAPlaceTest" time="15.083" errors="0" timestamp="2022-11-15T11:30:36 IST" skipped="0">
  <testcase classname="com.components.test.AllatAPlaceTest" name="test" time="11.291"/>
  <system-out/>
  <testcase classname="com.components.test.AllatAPlaceTest" name="test2" time="3.792"/>
  <system-out/>
</testsuite> <!-- com.components.test.AllatAPlaceTest -->
