<?xml version="1.0" encoding="UTF-8"?>
<!-- Generated by org.testng.reporters.JUnitReportReporter -->
<testsuite hostname="DESKTOP-81QTSJV" failures="0" tests="2" name="com.components.test.AllatAPlaceTest" time="15.355" errors="0" timestamp="2022-11-15T13:01:34 IST" skipped="0">
  <testcase classname="com.components.test.AllatAPlaceTest" name="test" time="9.022"/>
  <system-out/>
  <testcase classname="com.components.test.AllatAPlaceTest" name="test2" time="6.333"/>
  <system-out/>
</testsuite> <!-- com.components.test.AllatAPlaceTest -->
